2024-10-22T19:42:00.894+05:30  INFO 38072 --- [main] c.emailservice.EmailserviceApplication   : Starting EmailserviceApplication using Java 22.0.2 with PID 38072 (C:\Users\nbeegamudre\Documents\emailservice\emailservice\target\classes started by nbeegamudre in C:\Users\nbeegamudre\Documents\emailservice\emailservice)
2024-10-22T19:42:00.897+05:30  INFO 38072 --- [main] c.emailservice.EmailserviceApplication   : No active profile set, falling back to 1 default profile: "default"
2024-10-22T19:42:01.810+05:30  INFO 38072 --- [main] .s.d.r.c.RepositoryConfigurationDelegate : Bootstrapping Spring Data JPA repositories in DEFAULT mode.
2024-10-22T19:42:01.855+05:30  INFO 38072 --- [main] .s.d.r.c.RepositoryConfigurationDelegate : Finished Spring Data repository scanning in 28 ms. Found 0 JPA repository interfaces.
2024-10-22T19:42:02.228+05:30  INFO 38072 --- [main] o.s.cloud.context.scope.GenericScope     : BeanFactory id=d6882ddd-4bf8-3fbc-8ccc-2a633e2c7a02
2024-10-22T19:42:02.352+05:30  INFO 38072 --- [main] trationDelegate$BeanPostProcessorChecker : Bean 'org.springframework.ws.config.annotation.DelegatingWsConfiguration' of type [org.springframework.ws.config.annotation.DelegatingWsConfiguration$$SpringCGLIB$$0] is not eligible for getting processed by all BeanPostProcessors (for example: not eligible for auto-proxying)
2024-10-22T19:42:02.388+05:30  INFO 38072 --- [main] .w.s.a.s.AnnotationActionEndpointMapping : Supporting [WS-Addressing August 2004, WS-Addressing 1.0]
2024-10-22T19:42:02.960+05:30  INFO 38072 --- [main] o.s.b.w.embedded.tomcat.TomcatWebServer  : Tomcat initialized with port(s): 8084 (http)
2024-10-22T19:42:02.973+05:30  INFO 38072 --- [main] o.apache.catalina.core.StandardService   : Starting service [Tomcat]
2024-10-22T19:42:02.973+05:30  INFO 38072 --- [main] o.apache.catalina.core.StandardEngine    : Starting Servlet engine: [Apache Tomcat/10.1.8]
2024-10-22T19:42:03.168+05:30  INFO 38072 --- [main] o.a.c.c.C.[Tomcat].[localhost].[/]       : Initializing Spring embedded WebApplicationContext
2024-10-22T19:42:03.169+05:30  INFO 38072 --- [main] w.s.c.ServletWebServerApplicationContext : Root WebApplicationContext: initialization completed in 2200 ms
2024-10-22T19:42:03.501+05:30  INFO 38072 --- [main] o.hibernate.jpa.internal.util.LogHelper  : HHH000204: Processing PersistenceUnitInfo [name: default]
2024-10-22T19:42:03.593+05:30  INFO 38072 --- [main] org.hibernate.Version                    : HHH000412: Hibernate ORM core version 6.2.2.Final
2024-10-22T19:42:03.596+05:30  INFO 38072 --- [main] org.hibernate.cfg.Environment            : HHH000406: Using bytecode reflection optimizer
2024-10-22T19:42:03.839+05:30  INFO 38072 --- [main] o.h.b.i.BytecodeProviderInitiator        : HHH000021: Bytecode provider name : bytebuddy
2024-10-22T19:42:04.063+05:30  INFO 38072 --- [main] o.s.o.j.p.SpringPersistenceUnitInfo      : No LoadTimeWeaver setup: ignoring JPA class transformer
2024-10-22T19:42:04.093+05:30  INFO 38072 --- [main] com.zaxxer.hikari.HikariDataSource       : MyHikariCP - Starting...
2024-10-22T19:42:04.599+05:30  INFO 38072 --- [main] com.zaxxer.hikari.pool.HikariPool        : MyHikariCP - Added connection com.mysql.cj.jdbc.ConnectionImpl@2673487b
2024-10-22T19:42:04.602+05:30  INFO 38072 --- [main] com.zaxxer.hikari.HikariDataSource       : MyHikariCP - Start completed.
2024-10-22T19:42:04.707+05:30  INFO 38072 --- [main] org.hibernate.orm.dialect                : HHH035001: Using dialect: org.hibernate.dialect.MySQLDialect, version: 8.0.40
2024-10-22T19:42:04.873+05:30  INFO 38072 --- [main] o.h.b.i.BytecodeProviderInitiator        : HHH000021: Bytecode provider name : bytebuddy
2024-10-22T19:42:05.182+05:30  INFO 38072 --- [main] o.h.e.t.j.p.i.JtaPlatformInitiator       : HHH000490: Using JtaPlatform implementation: [org.hibernate.engine.transaction.jta.platform.internal.NoJtaPlatform]
2024-10-22T19:42:05.196+05:30  INFO 38072 --- [main] j.LocalContainerEntityManagerFactoryBean : Initialized JPA EntityManagerFactory for persistence unit 'default'
2024-10-22T19:42:05.287+05:30  WARN 38072 --- [main] JpaBaseConfiguration$JpaWebConfiguration : spring.jpa.open-in-view is enabled by default. Therefore, database queries may be performed during view rendering. Explicitly configure spring.jpa.open-in-view to disable this warning
2024-10-22T19:42:05.892+05:30  INFO 38072 --- [main] o.s.b.w.embedded.tomcat.TomcatWebServer  : Tomcat started on port(s): 8084 (http) with context path ''
2024-10-22T19:42:05.908+05:30  INFO 38072 --- [main] c.emailservice.EmailserviceApplication   : Started EmailserviceApplication in 5.805 seconds (process running for 6.536)
2024-10-22T19:42:10.574+05:30  INFO 38072 --- [http-nio-8084-exec-2] o.a.c.c.C.[Tomcat].[localhost].[/]       : Initializing Spring DispatcherServlet 'dispatcherServlet'
2024-10-22T19:42:10.575+05:30  INFO 38072 --- [http-nio-8084-exec-2] o.s.web.servlet.DispatcherServlet        : Initializing Servlet 'dispatcherServlet'
2024-10-22T19:42:10.577+05:30  INFO 38072 --- [http-nio-8084-exec-2] o.s.web.servlet.DispatcherServlet        : Completed initialization in 2 ms
2024-10-22T19:42:10.671+05:30  INFO 38072 --- [http-nio-8084-exec-2] c.emailservice.sender.EmailController    : Email sending started Nishal
2024-10-22T19:42:10.671+05:30  INFO 38072 --- [http-nio-8084-exec-2] c.emailservice.sender.EmailController    : Email sending ended Nishal
2024-10-22T19:42:15.069+05:30  INFO 38072 --- [http-nio-8084-exec-3] c.emailservice.sender.EmailController    : Email sending started Nishal
2024-10-22T19:42:15.070+05:30  INFO 38072 --- [http-nio-8084-exec-3] c.emailservice.sender.EmailController    : Email sending ended Nishal
2024-10-22T19:42:41.146+05:30  INFO 38072 --- [http-nio-8084-exec-4] c.emailservice.sender.EmailController    : Email sending started Nishal
2024-10-22T19:42:41.147+05:30  INFO 38072 --- [http-nio-8084-exec-4] c.emailservice.sender.EmailController    : Email sending ended Nishal
